build/app/outputs/mapping/release/seeds.txt
com.simplifiedg.bloomzon_estate.MainActivity
com.simplifiedg.bloomzon_estate.MainActivity: MainActivity()
...
androidx.appcompat.widget.ContentFrameLayout: void setAttachListener(androidx.appcompat.widget.ContentFrameLayout$OnAttachListener)
androidx.appcompat.widget.AppCompatTextView: int getAutoSizeMaxTextSize()
androidx.cardview.widget.CardView: int getContentPaddingTop()
com.baseflow.geolocator.tasks.ForwardGeocodingTask: android.content.Context mContext
androidx.vectordrawable.graphics.drawable.VectorDrawableCompat$VFullPath: float getTrimPathOffset()
com.baseflow.geolocator.data.Coordinate: double getLatitude()
io.flutter.embedding.engine.FlutterJNI: void nativeInit(android.content.Context,java.lang.String[],java.lang.String,java.lang.String,java.lang.String,long)
androidx.core.widget.NestedScrollView: NestedScrollView(android.content.Context,android.util.AttributeSet)
com.baseflow.geolocator.R$string: int common_google_play_services_unknown_issue
com.baseflow.geolocator.tasks.TaskContext: com.baseflow.geolocator.OnCompletionListener getCompletionListener()
com.google.android.material.floatingactionbutton.FloatingActionButton: void setCustomSize(int)
androidx.vectordrawable.graphics.drawable.VectorDrawableCompat$VFullPath: float getStrokeAlpha()
androidx.appcompat.widget.ActionBarContainer: void setVisibility(int)
androidx.appcompat.view.menu.ExpandedMenuView: ExpandedMenuView(android.content.Context,android.util.AttributeSet)
io.flutter.embedding.engine.FlutterJNI: java.util.Set engineLifecycleListeners
io.flutter.embedding.engine.FlutterJNI: io.flutter.embedding.engine.FlutterJNI nativeSpawn(long,java.lang.String,java.lang.String)
com.baseflow.location_permissions.R$styleable: int GradientColor_android_gradientRadius
com.baseflow.googleapiavailability.R$string: int common_google_play_services_enable_title
com.google.android.material.transformation.ExpandableBehavior
com.sangcomz.fishbun.util.TouchImageView: android.widget.ImageView$ScaleType getScaleType()
androidx.vectordrawable.graphics.drawable.VectorDrawableCompat$VGroup: float getTranslateY()
com.google.android.material.snackbar.BaseTransientBottomBar$SnackbarBaseLayout: BaseTransientBottomBar$SnackbarBaseLayout(android.content.Context,android.util.AttributeSet)
androidx.appcompat.view.menu.ActionMenuItemView: void setPopupCallback(androidx.appcompat.view.menu.ActionMenuItemView$PopupCallback)
com.google.android.material.internal.NavigationMenuItemView: void setNeedsEmptyIcon(boolean)
com.baseflow.googleapiavailability.R$id: int accessibility_custom_action_12
io.flutter.plugins.GeneratedPluginRegistrant
io.flutter.embedding.engine.FlutterOverlaySurface: int id
com.baseflow.googleapiavailability.R$attr: int fontProviderAuthority
com.baseflow.googleapiavailability.R$id: int dark
com.baseflow.location_permissions.LocationPermissionsPlugin$ServiceStatus
com.airbnb.lottie.model.content.GradientType: com.airbnb.lottie.model.content.GradientType valueOf(java.lang.String)
com.baseflow.geolocator.R$string: int common_google_play_services_wear_update_text
com.baseflow.geolocator.R$attr: int scopeUris
android.support.v4.app.RemoteActionCompatParcelizer: void write(androidx.core.app.RemoteActionCompat,androidx.versionedparcelable.VersionedParcel)
androidx.webkit.internal.WebViewFeatureInternal: androidx.webkit.internal.WebViewFeatureInternal valueOf(java.lang.String)
androidx.lifecycle.ReportFragment$LifecycleCallbacks: void onActivityCreated(android.app.Activity,android.os.Bundle)
com.baseflow.location_permissions.R$drawable: int notification_action_background
com.baseflow.location_permissions.R$styleable: int GradientColor_android_tileMode
com.baseflow.geolocator.tasks.LocationUpdatesUsingLocationManagerTask: java.lang.String mActiveProvider
org.chromium.support_lib_boundary.StaticsBoundaryInterface: android.net.Uri getSafeBrowsingPrivacyPolicyUrl()
androidx.recyclerview.widget.RecyclerView: void setHasFixedSize(boolean)
com.dexterous.flutterlocalnotifications.models.IconSource: com.dexterous.flutterlocalnotifications.models.IconSource valueOf(java.lang.String)