build/app/outputs/mapping/release/mapping.txt
# compiler: R8
# compiler_version: 2.1.62
# min_api: 19
# pg_map_id: fbb6b3d
# common_typos_disable
com.simplifiedg.bloomzon_estate.MainActivity -> com.simplifiedg.bloomzon_estate.MainActivity:
    void configureFlutterEngine(io.flutter.embedding.engine.FlutterEngine) -> A
...
com.google.gson.internal.bind.TypeAdapters$7 -> c.g.b.y.n.n$g0:
    java.lang.Object read(com.google.gson.stream.JsonReader) -> c
    void write(com.google.gson.stream.JsonWriter,java.lang.Object) -> e
    java.lang.Number read(com.google.gson.stream.JsonReader) -> f
    void write(com.google.gson.stream.JsonWriter,java.lang.Number) -> g
com.google.gson.internal.bind.TypeAdapters$8 -> c.g.b.y.n.n$h0:
    java.lang.Object read(com.google.gson.stream.JsonReader) -> c
    void write(com.google.gson.stream.JsonWriter,java.lang.Object) -> e
    java.util.concurrent.atomic.AtomicInteger read(com.google.gson.stream.JsonReader) -> f
    void write(com.google.gson.stream.JsonWriter,java.util.concurrent.atomic.AtomicInteger) -> g
com.google.gson.internal.bind.TypeAdapters$9 -> c.g.b.y.n.n$i0:
    java.lang.Object read(com.google.gson.stream.JsonReader) -> c
    void write(com.google.gson.stream.JsonWriter,java.lang.Object) -> e
    java.util.concurrent.atomic.AtomicBoolean read(com.google.gson.stream.JsonReader) -> f
    void write(com.google.gson.stream.JsonWriter,java.util.concurrent.atomic.AtomicBoolean) -> g
com.google.gson.internal.bind.TypeAdapters$EnumTypeAdapter -> c.g.b.y.n.n$j0:
    java.util.Map nameToConstant -> a
    java.util.Map constantToName -> b
    java.lang.Object read(com.google.gson.stream.JsonReader) -> c
    void write(com.google.gson.stream.JsonWriter,java.lang.Object) -> e
    java.lang.Enum read(com.google.gson.stream.JsonReader) -> f
    void write(com.google.gson.stream.JsonWriter,java.lang.Enum) -> g
com.google.gson.internal.bind.util.ISO8601Utils -> c.g.b.y.n.o.a:
    java.util.TimeZone TIMEZONE_UTC -> a
    boolean checkOffset(java.lang.String,int,char) -> a
    int indexOfNonDigit(java.lang.String,int) -> b
    java.util.Date parse(java.lang.String,java.text.ParsePosition) -> c
    int parseInt(java.lang.String,int,int) -> d
com.google.gson.internal.reflect.PreJava9ReflectionAccessor -> c.g.b.y.o.a:
    void makeAccessible(java.lang.reflect.AccessibleObject) -> b
com.google.gson.internal.reflect.ReflectionAccessor -> c.g.b.y.o.b:
    com.google.gson.internal.reflect.ReflectionAccessor instance -> a
    com.google.gson.internal.reflect.ReflectionAccessor getInstance() -> a
    void makeAccessible(java.lang.reflect.AccessibleObject) -> b
com.google.gson.internal.reflect.UnsafeReflectionAccessor -> c.g.b.y.o.c:
    java.lang.Object theUnsafe -> b
    java.lang.reflect.Field overrideField -> c
    java.lang.Class unsafeClass -> d
    void makeAccessible(java.lang.reflect.AccessibleObject) -> b
    java.lang.reflect.Field getOverrideField() -> c
    java.lang.Object getUnsafeInstance() -> d
    boolean makeAccessibleWithUnsafe(java.lang.reflect.AccessibleObject) -> e
com.google.gson.reflect.TypeToken -> c.g.b.z.a:
    java.lang.reflect.Type type -> b
    java.lang.Class rawType -> a
    int hashCode -> c
    com.google.gson.reflect.TypeToken get(java.lang.Class) -> a
    com.google.gson.reflect.TypeToken get(java.lang.reflect.Type) -> b
    java.lang.Class getRawType() -> c
    java.lang.reflect.Type getSuperclassTypeParameter(java.lang.Class) -> d
    java.lang.reflect.Type getType() -> e