build/app/outputs/mapping/release/usage.txt
com.simplifiedg.bloomzon_estate.R$id
com.simplifiedg.bloomzon_estate.R$drawable
com.simplifiedg.bloomzon_estate.R$anim
com.simplifiedg.bloomzon_estate.R$layout
com.simplifiedg.bloomzon_estate.R$styleable
com.simplifiedg.bloomzon_estate.R$animator
com.simplifiedg.bloomzon_estate.R$mipmap
com.simplifiedg.bloomzon_estate.R$bool
com.simplifiedg.bloomzon_estate.R
com.simplifiedg.bloomzon_estate.R$dimen
com.simplifiedg.bloomzon_estate.R$style
com.simplifiedg.bloomzon_estate.R$attr
com.simplifiedg.bloomzon_estate.R$xml
com.simplifiedg.bloomzon_estate.R$integer
com.simplifiedg.bloomzon_estate.R$string
com.simplifiedg.bloomzon_estate.BuildConfig
com.simplifiedg.bloomzon_estate.R$color
com.simplifiedg.bloomzon_estate.R$menu
com.simplifiedg.bloomzon_estate.R$interpolator
...
android.support.v4.media.session.PlaybackStateCompat$Builder
androidx.core.app.ComponentActivity:
    public void putExtraData(androidx.core.app.ComponentActivity$ExtraData)
    public androidx.core.app.ComponentActivity$ExtraData getExtraData(java.lang.Class)
    public androidx.lifecycle.Lifecycle getLifecycle()
kotlin.coroutines.CombinedContext$Serialized
kotlin.jvm.JvmMultifileClass
kotlin.internal.ProgressionUtilKt
androidx.appcompat.R$color:
    private void <init>()
    public static final int abc_background_cache_hint_selector_material_dark
    public static final int abc_background_cache_hint_selector_material_light
    public static final int abc_btn_colored_borderless_text_material
    public static final int abc_btn_colored_text_material
    public static final int abc_color_highlight_material
    public static final int abc_hint_foreground_material_dark
    public static final int abc_hint_foreground_material_light
    public static final int abc_primary_text_disable_only_material_dark
    public static final int abc_primary_text_disable_only_material_light
    public static final int abc_primary_text_material_dark
    public static final int abc_primary_text_material_light
    public static final int abc_search_url_text
    public static final int abc_search_url_text_normal
    public static final int abc_search_url_text_pressed
    public static final int abc_search_url_text_selected
    public static final int abc_secondary_text_material_dark
    public static final int abc_secondary_text_material_light
    public static final int accent_material_dark
    public static final int accent_material_light
    public static final int background_floating_material_dark
    public static final int background_floating_material_light
    public static final int background_material_dark
    public static final int background_material_light
androidx.lifecycle.MediatorLiveData$Source
android.support.v4.media.session.PlaybackStateCompat:
    public static int toKeyCode(long)
    public int getState()
    public long getPosition()
    public long getLastPositionUpdateTime()
    public long getCurrentPosition(java.lang.Long)
    public long getBufferedPosition()
    public float getPlaybackSpeed()
    public long getActions()
    public java.util.List getCustomActions()
    public int getErrorCode()
    public java.lang.CharSequence getErrorMessage()
    public long getActiveQueueItemId()
    public android.os.Bundle getExtras()
    public java.lang.Object getPlaybackState()
    public static final long ACTION_STOP
    public static final long ACTION_PAUSE
    public static final long ACTION_PLAY
    public static final long ACTION_REWIND
    public static final long ACTION_SKIP_TO_PREVIOUS
    public static final long ACTION_SKIP_TO_NEXT
    public static final long ACTION_FAST_FORWARD
    public static final long ACTION_SET_RATING
    public static final long ACTION_SEEK_TO
    public static final long ACTION_PLAY_PAUSE
    public static final long ACTION_PLAY_FROM_MEDIA_ID
    public static final long ACTION_PLAY_FROM_SEARCH
    public static final long ACTION_SKIP_TO_QUEUE_ITEM
    public static final long ACTION_PLAY_FROM_URI
    public static final long ACTION_PREPARE
    public static final long ACTION_PREPARE_FROM_MEDIA_ID
    public static final long ACTION_PREPARE_FROM_SEARCH
    public static final long ACTION_PREPARE_FROM_URI
com.google.android.gms.maps.internal.zzba
kotlin.ranges.IntProgressionIterator
androidx.savedstate.Recreator:
    static final java.lang.String CLASSES_KEY
    static final java.lang.String COMPONENT_KEY
com.vitanov.multiimagepicker.R$color